<?xml version="1.0" encoding="UTF-8"?>
<!-- Generated by org.testng.reporters.JUnitReportReporter -->
<testsuite hostname="Tom" failures="0" tests="1" name="DataDrivenPractise.DDTest" time="0.480" errors="0" timestamp="2024-05-26T17:46:58 IST" skipped="0">
  <testcase classname="DataDrivenPractise.DDTest" name="ddTest" time="0.480"/>
  <system-out/>
</testsuite> <!-- DataDrivenPractise.DDTest -->
