<?xml version="1.0" encoding="UTF-8"?>
<!-- Generated by org.testng.reporters.JUnitReportReporter -->
<testsuite hostname="Tom" failures="0" tests="3" name="DataDrivenPractise_With_DataProvider.dataPRoviderExample" time="0.008" errors="0" timestamp="2024-05-27T02:50:18 IST" skipped="0">
  <testcase classname="DataDrivenPractise_With_DataProvider.dataPRoviderExample" name="TestDD" time="0.006"/>
  <system-out/>
  <testcase classname="DataDrivenPractise_With_DataProvider.dataPRoviderExample" name="TestDD" time="0.001"/>
  <system-out/>
  <testcase classname="DataDrivenPractise_With_DataProvider.dataPRoviderExample" name="TestDD" time="0.001"/>
  <system-out/>
</testsuite> <!-- DataDrivenPractise_With_DataProvider.dataPRoviderExample -->
