<?xml version="1.0" encoding="UTF-8"?>
<!-- Generated by org.testng.reporters.JUnitReportReporter -->
<testsuite hostname="Tom" failures="0" tests="1" name="DataDrivenPractise.SampleTest" time="0.782" errors="0" timestamp="2024-05-26T23:45:09 IST" skipped="0">
  <testcase classname="DataDrivenPractise.SampleTest" name="test" time="0.782"/>
  <system-out/>
</testsuite> <!-- DataDrivenPractise.SampleTest -->
